<?xml version='1.0' encoding='UTF-8'?>
<testsuite hostname="knoldus-Vostro-3500" name="FibonacciTest" tests="3" errors="0" failures="0" skipped="0" time="0.012" timestamp="2023-03-28T23:17:02">
          <properties>
[...]
</properties>
          <testcase classname="FibonacciTest" name="The Fibonacci function should return the correct value for number = 1" time="0.011">
                      
                    </testcase><testcase classname="FibonacciTest" name="The Fibonacci function should return the correct value for number = 10" time="0.001">
                      
                    </testcase><testcase classname="FibonacciTest" name="The Fibonacci function should return the correct value for number = 20" time="0.0">
                      
                    </testcase>
          <system-out><![CDATA[]]></system-out>
          <system-err><![CDATA[]]></system-err>
        </testsuite>