[0m[[0m[0mdebug[0m] [0m[0m> Exec(test, Some(c3efc98f-f7c7-4886-9825-86a54827b3b3), Some(CommandSource(console0)))[0m
[0m[[0m[0mdebug[0m] [0m[0mEvaluating tasks: Test / test[0m
[0m[[0m[0mdebug[0m] [0m[0mRunning task... Cancel: Signal, check cycles: false, forcegc: true[0m
[0m[[0m[0minfo[0m] [0m[0mcompiling 2 Scala sources to /home/knoldus/Downloads/scala/Session4Day2Assignment2/target/scala-2.13/classes ...[0m
[0m[[0m[0minfo[0m] [0m[0mcompiling 1 Scala source to /home/knoldus/Downloads/scala/Session4Day2Assignment2/target/scala-2.13/test-classes ...[0m
[0m[[0m[33mwarn[0m] [0m[0m/home/knoldus/Downloads/scala/Session4Day2Assignment2/src/test/scala/fibonacciTest.scala:7:11: scala.util.Try[Int] and Int are unrelated: they will most likely never compare equal[0m
[0m[[0m[33mwarn[0m] [0m[0m    assert(fibonacci.fibonacci(1) == 1)[0m
[0m[[0m[33mwarn[0m] [0m[0m          ^[0m
[0m[[0m[33mwarn[0m] [0m[0m/home/knoldus/Downloads/scala/Session4Day2Assignment2/src/test/scala/fibonacciTest.scala:12:11: scala.util.Try[Int] and Int are unrelated: they will most likely never compare equal[0m
[0m[[0m[33mwarn[0m] [0m[0m    assert(fibonacci.fibonacci(10) == 55)[0m
[0m[[0m[33mwarn[0m] [0m[0m          ^[0m
[0m[[0m[33mwarn[0m] [0m[0m/home/knoldus/Downloads/scala/Session4Day2Assignment2/src/test/scala/fibonacciTest.scala:17:11: scala.util.Try[Int] and Int are unrelated: they will most likely never compare equal[0m
[0m[[0m[33mwarn[0m] [0m[0m    assert(fibonacci.fibonacci(20) == 6765)[0m
[0m[[0m[33mwarn[0m] [0m[0m          ^[0m
[0m[[0m[33mwarn[0m] [0m[0mthree warnings found[0m
[0m[[0m[0minfo[0m] [0m[0m[32mfibonacciTest:[0m[0m
[0m[[0m[0minfo[0m] [0m[0m[31m- The Fibonacci function should return the correct value for number = 1 *** FAILED ***[0m[0m
[0m[[0m[0minfo[0m] [0m[0m[31m  Success(1) did not equal 1 (fibonacciTest.scala:7)[0m[0m
[0m[[0m[0minfo[0m] [0m[0m[31m- The Fibonacci function should return the correct value for number = 10 *** FAILED ***[0m[0m
[0m[[0m[0minfo[0m] [0m[0m[31m  Success(55) did not equal 55 (fibonacciTest.scala:12)[0m[0m
[0m[[0m[0minfo[0m] [0m[0m[31m- The Fibonacci function should return the correct value for number = 20 *** FAILED ***[0m[0m
[0m[[0m[0minfo[0m] [0m[0m[31m  Success(6765) did not equal 6765 (fibonacciTest.scala:17)[0m[0m
[0m[[0m[0minfo[0m] [0m[0m[36mRun completed in 109 milliseconds.[0m[0m
[0m[[0m[0minfo[0m] [0m[0m[36mTotal number of tests run: 3[0m[0m
[0m[[0m[0minfo[0m] [0m[0m[36mSuites: completed 1, aborted 0[0m[0m
[0m[[0m[0minfo[0m] [0m[0m[36mTests: succeeded 0, failed 3, canceled 0, ignored 0, pending 0[0m[0m
[0m[[0m[0minfo[0m] [0m[0m[31m*** 3 TESTS FAILED ***[0m[0m
[0m[[0m[31merror[0m] [0m[0mFailed tests:[0m
[0m[[0m[31merror[0m] [0m[0m	fibonacciTest[0m
[0m[[0m[0mdebug[0m] [0m[0mForcing garbage collection...[0m
[0m[[0m[31merror[0m] [0m[0m(Test / [31mtest[0m) sbt.TestsFailedException: Tests unsuccessful[0m
[0m[[0m[31merror[0m] [0m[0mTotal time: 1 s, completed 28 Mar, 2023 10:59:30 PM[0m
[0m[[0m[0mdebug[0m] [0m[0m> Exec(shell, None, None)[0m
